<?xml version="1.0" encoding="UTF-8"?>
<testng-results ignored="0" total="1" passed="1" failed="0" skipped="0">
  <reporter-output>
  </reporter-output>
  <suite started-at="2023-11-10T17:47:06 IST" name="Default suite" finished-at="2023-11-10T17:47:09 IST" duration-ms="2859">
    <groups>
    </groups>
    <test started-at="2023-11-10T17:47:06 IST" name="Default test" finished-at="2023-11-10T17:47:09 IST" duration-ms="2859">
      <class name="payment.Sample_Test">
        <test-method signature="main_Test()[pri:0, instance:payment.Sample_Test@34f7cfd9]" started-at="2023-11-10T17:47:06 IST" name="main_Test" finished-at="2023-11-10T17:47:09 IST" duration-ms="2836" status="PASS">
          <reporter-output>
          </reporter-output>
        </test-method> <!-- main_Test -->
      </class> <!-- payment.Sample_Test -->
    </test> <!-- Default test -->
  </suite> <!-- Default suite -->
</testng-results>
