<?xml version="1.0" encoding="UTF-8"?>
<testng-results ignored="0" total="1" passed="1" failed="0" skipped="0">
  <reporter-output>
  </reporter-output>
  <suite started-at="2023-11-10T18:01:22 IST" name="Surefire suite" finished-at="2023-11-10T18:01:30 IST" duration-ms="8547">
    <groups>
    </groups>
    <test started-at="2023-11-10T18:01:22 IST" name="Surefire test" finished-at="2023-11-10T18:01:30 IST" duration-ms="8547">
      <class name="payment.Sample_Test">
        <test-method signature="main_Test()[pri:0, instance:payment.Sample_Test@31190526]" started-at="2023-11-10T18:01:22 IST" name="main_Test" finished-at="2023-11-10T18:01:30 IST" duration-ms="8523" status="PASS">
          <reporter-output>
          </reporter-output>
        </test-method> <!-- main_Test -->
      </class> <!-- payment.Sample_Test -->
    </test> <!-- Surefire test -->
  </suite> <!-- Surefire suite -->
</testng-results>
